  Microsoft (R) Direct3D Shader Compiler 10.1
  Copyright (C) 2013 Microsoft. All rights reserved.
  
  compilation header save succeeded; see E:\TCD\Real-time Animation\Project\Dependencies\anttweakbar-master\lib\Debug32\TwDirect3D11_LineRectVS.h
  Microsoft (R) Direct3D Shader Compiler 10.1
  Copyright (C) 2013 Microsoft. All rights reserved.
  
  compilation header save succeeded; see E:\TCD\Real-time Animation\Project\Dependencies\anttweakbar-master\lib\Debug32\TwDirect3D11_LineRectCstColorVS.h
  Microsoft (R) Direct3D Shader Compiler 10.1
  Copyright (C) 2013 Microsoft. All rights reserved.
  
  compilation header save succeeded; see E:\TCD\Real-time Animation\Project\Dependencies\anttweakbar-master\lib\Debug32\TwDirect3D11_LineRectPS.h
  Microsoft (R) Direct3D Shader Compiler 10.1
  Copyright (C) 2013 Microsoft. All rights reserved.
  
  compilation header save succeeded; see E:\TCD\Real-time Animation\Project\Dependencies\anttweakbar-master\lib\Debug32\TwDirect3D11_TextVS.h
  Microsoft (R) Direct3D Shader Compiler 10.1
  Copyright (C) 2013 Microsoft. All rights reserved.
  
  compilation header save succeeded; see E:\TCD\Real-time Animation\Project\Dependencies\anttweakbar-master\lib\Debug32\TwDirect3D11_TextCstColorVS.h
  Microsoft (R) Direct3D Shader Compiler 10.1
  Copyright (C) 2013 Microsoft. All rights reserved.
  
  compilation header save succeeded; see E:\TCD\Real-time Animation\Project\Dependencies\anttweakbar-master\lib\Debug32\TwDirect3D11_TextPS.h
  Building Custom Rule E:/TCD/Real-time Animation/Project/Dependencies/anttweakbar-master/src/CMakeLists.txt
  CMake does not need to re-run because E:/TCD/Real-time Animation/Project/Dependencies/anttweakbar-master/lib/src/CMakeFiles/generate.stamp is up-to-date.
  LoadOGL.cpp
  LoadOGLCore.cpp
  TwBar.cpp
  TwColors.cpp
  TwDirect3D10.cpp
  TwDirect3D11.cpp
  TwDirect3D9.cpp
  TwEventSFML.cpp
  TwFonts.cpp
  TwMgr.cpp
e:\tcd\real-time animation\project\dependencies\anttweakbar-master\src\twmgr.cpp(6265): warning C4302: 'type cast': truncation from 'LPSTR' to 'WORD'
e:\tcd\real-time animation\project\dependencies\anttweakbar-master\src\twmgr.cpp(6266): warning C4302: 'type cast': truncation from 'LPSTR' to 'WORD'
e:\tcd\real-time animation\project\dependencies\anttweakbar-master\src\twmgr.cpp(6267): warning C4302: 'type cast': truncation from 'LPSTR' to 'WORD'
e:\tcd\real-time animation\project\dependencies\anttweakbar-master\src\twmgr.cpp(6268): warning C4302: 'type cast': truncation from 'LPSTR' to 'WORD'
e:\tcd\real-time animation\project\dependencies\anttweakbar-master\src\twmgr.cpp(6269): warning C4302: 'type cast': truncation from 'LPSTR' to 'WORD'
e:\tcd\real-time animation\project\dependencies\anttweakbar-master\src\twmgr.cpp(6270): warning C4302: 'type cast': truncation from 'LPSTR' to 'WORD'
e:\tcd\real-time animation\project\dependencies\anttweakbar-master\src\twmgr.cpp(6271): warning C4302: 'type cast': truncation from 'LPSTR' to 'WORD'
e:\tcd\real-time animation\project\dependencies\anttweakbar-master\src\twmgr.cpp(6272): warning C4302: 'type cast': truncation from 'LPSTR' to 'WORD'
e:\tcd\real-time animation\project\dependencies\anttweakbar-master\src\twmgr.cpp(6273): warning C4302: 'type cast': truncation from 'LPSTR' to 'WORD'
e:\tcd\real-time animation\project\dependencies\anttweakbar-master\src\twmgr.cpp(6274): warning C4302: 'type cast': truncation from 'LPSTR' to 'WORD'
e:\tcd\real-time animation\project\dependencies\anttweakbar-master\src\twmgr.cpp(6275): warning C4302: 'type cast': truncation from 'LPSTR' to 'WORD'
e:\tcd\real-time animation\project\dependencies\anttweakbar-master\src\twmgr.cpp(6276): warning C4302: 'type cast': truncation from 'LPSTR' to 'WORD'
e:\tcd\real-time animation\project\dependencies\anttweakbar-master\src\twmgr.cpp(6277): warning C4302: 'type cast': truncation from 'LPSTR' to 'WORD'
e:\tcd\real-time animation\project\dependencies\anttweakbar-master\src\twmgr.cpp(6279): warning C4302: 'type cast': truncation from 'LPSTR' to 'WORD'
e:\tcd\real-time animation\project\dependencies\anttweakbar-master\src\twmgr.cpp(6292): warning C4302: 'type cast': truncation from 'LPSTR' to 'WORD'
e:\tcd\real-time animation\project\dependencies\anttweakbar-master\src\twmgr.cpp(6298): warning C4302: 'type cast': truncation from 'LPSTR' to 'WORD'
e:\tcd\real-time animation\project\dependencies\anttweakbar-master\src\twmgr.cpp(6307): warning C4302: 'type cast': truncation from 'LPSTR' to 'WORD'
  TwOpenGL.cpp
  TwOpenGLCore.cpp
  TwPrecomp.cpp
  Generating Code...
  TwEventGLFW.c
  TwEventGLFW3.c
  TwEventGLUT.c
  TwEventSDL.c
  TwEventSDL12.c
  TwEventSDL13.c
  TwEventWin.c
  Generating Code...
  anttweakbar.vcxproj -> E:\TCD\Real-time Animation\Project\Dependencies\anttweakbar-master\lib\src\Debug\anttweakbar.lib
