  Microsoft (R) Direct3D Shader Compiler 10.1
  Copyright (C) 2013 Microsoft. All rights reserved.
  
  compilation header save succeeded; see E:\TCD\Real-time Animation\Project\Dependencies\anttweakbar-master\lib\Debug32\TwDirect3D11_LineRectVS.h
  Microsoft (R) Direct3D Shader Compiler 10.1
  Copyright (C) 2013 Microsoft. All rights reserved.
  
  compilation header save succeeded; see E:\TCD\Real-time Animation\Project\Dependencies\anttweakbar-master\lib\Debug32\TwDirect3D11_LineRectCstColorVS.h
  Microsoft (R) Direct3D Shader Compiler 10.1
  Copyright (C) 2013 Microsoft. All rights reserved.
  
  compilation header save succeeded; see E:\TCD\Real-time Animation\Project\Dependencies\anttweakbar-master\lib\Debug32\TwDirect3D11_LineRectPS.h
  Microsoft (R) Direct3D Shader Compiler 10.1
  Copyright (C) 2013 Microsoft. All rights reserved.
  
  compilation header save succeeded; see E:\TCD\Real-time Animation\Project\Dependencies\anttweakbar-master\lib\Debug32\TwDirect3D11_TextVS.h
  Microsoft (R) Direct3D Shader Compiler 10.1
  Copyright (C) 2013 Microsoft. All rights reserved.
  
  compilation header save succeeded; see E:\TCD\Real-time Animation\Project\Dependencies\anttweakbar-master\lib\Debug32\TwDirect3D11_TextCstColorVS.h
  Microsoft (R) Direct3D Shader Compiler 10.1
  Copyright (C) 2013 Microsoft. All rights reserved.
  
  compilation header save succeeded; see E:\TCD\Real-time Animation\Project\Dependencies\anttweakbar-master\lib\Debug32\TwDirect3D11_TextPS.h
  TwDirect3D11.cpp
  TwEventGLFW.c
  TwEventGLFW3.c
  TwEventGLUT.c
  TwEventSDL.c
  TwEventSDL12.c
  TwEventSDL13.c
  TwEventWin.c
  Generating Code...
x64\Debug\LoadOGL.obj : fatal error LNK1112: module machine type 'x64' conflicts with target machine type 'x86'
